<?xml version="1.0" encoding="UTF-8"?>
<testsuite name="TestSuite" time="56.015" tests="13" errors="0" skipped="0" failures="0">
  <properties>
    <property name="idea.version" value="2017.3.4"/>
    <property name="java.runtime.name" value="Java(TM) SE Runtime Environment"/>
    <property name="sun.boot.library.path" value="C:\Program Files\Java\jdk1.8.0_111\jre\bin"/>
    <property name="java.vm.version" value="25.111-b14"/>
    <property name="user.country.format" value="UA"/>
    <property name="java.vm.vendor" value="Oracle Corporation"/>
    <property name="maven.multiModuleProjectDirectory" value="D:\TM\Project\projects\tests"/>
    <property name="java.vendor.url" value="http://java.oracle.com/"/>
    <property name="path.separator" value=";"/>
    <property name="guice.disable.misplaced.annotation.check" value="true"/>
    <property name="java.vm.name" value="Java HotSpot(TM) 64-Bit Server VM"/>
    <property name="file.encoding.pkg" value="sun.io"/>
    <property name="user.script" value=""/>
    <property name="user.country" value="GB"/>
    <property name="sun.java.launcher" value="SUN_STANDARD"/>
    <property name="sun.os.patch.level" value=""/>
    <property name="java.vm.specification.name" value="Java Virtual Machine Specification"/>
    <property name="user.dir" value="D:\TM\Project\projects\tests"/>
    <property name="java.runtime.version" value="1.8.0_111-b14"/>
    <property name="java.awt.graphicsenv" value="sun.awt.Win32GraphicsEnvironment"/>
    <property name="java.endorsed.dirs" value="C:\Program Files\Java\jdk1.8.0_111\jre\lib\endorsed"/>
    <property name="os.arch" value="amd64"/>
    <property name="java.io.tmpdir" value="C:\Users\Asus\AppData\Local\Temp\"/>
    <property name="line.separator" value="&#10;"/>
    <property name="java.vm.specification.vendor" value="Oracle Corporation"/>
    <property name="user.variant" value=""/>
    <property name="os.name" value="Windows 10"/>
    <property name="classworlds.conf" value="C:\Program Files\JetBrains\IntelliJ IDEA Community Edition 2017.3.4\plugins\maven\lib\maven3\bin\m2.conf"/>
    <property name="sun.jnu.encoding" value="Cp1251"/>
    <property name="java.library.path" value="C:\Program Files\Java\jdk1.8.0_111\bin;C:\WINDOWS\Sun\Java\bin;C:\WINDOWS\system32;C:\WINDOWS;C:\ProgramData\Oracle\Java\javapath;C:\WINDOWS\system32;C:\WINDOWS;C:\WINDOWS\System32\Wbem;C:\WINDOWS\System32\WindowsPowerShell\v1.0\;C:\Program Files\Git\cmd;C:\Program Files\TortoiseGit\bin;C:\Apache\maven_3_3_9\bin;C:\Program Files (x86)\Bitvise SSH Client;C:\util\;C:\Program Files (x86)\PuTTY\;C:\Program Files\Microsoft SQL Server\130\Tools\Binn\;C:\Program Files\Microsoft\Web Platform Installer\;C:\strawberry\c\bin;C:\strawberry\perl\bin;C:\php\;C:\Windows\Microsoft.NET\Framework\v4.0.30319;C:\Program Files\TortoiseSVN\bin;C:\Program Files\dotnet\;C:\Apache\apache_ant_1_9_9\bin;C:\Program Files\nodejs\;C:\Program Files\OpenVPN\bin;D:\TM\Project\Sikuli\New\;C:\Program Files\Java\jre1.8.0_161\bin;C:\ProgramData\Oracle\Java\javapath;C:\Windows\system32;C:\Windows;C:\Windows\System32\Wbem;C:\Windows\System32\WindowsPowerShell\v1.0\;C:\Program Files (x86)\Skype\Phone\;C:\Program Files\Java\jdk1.8.0_111\bin;C:\Program Files\Git\cmd;C:\Program Files\TortoiseGit\bin;C:\Apache\maven_3_3_9\bin;C:\Program Files (x86)\Bitvise SSH Client;C:\util\;C:\Program Files\nodejs\;C:\Program Files (x86)\PuTTY\;C:\Program Files\TortoiseSVN\bin;C:\Windows\system32\config\systemprofile\.dnx\bin;C:\Program Files\Microsoft DNX\Dnvm\;C:\Program Files\Microsoft SQL Server\130\Tools\Binn\;C:\Program Files\Microsoft\Web Platform Installer\;C:\strawberry\c\bin;C:\strawberry\perl\bin;C:\Program Files\PHP\;C:\Users\Asus\AppData\Local\Microsoft\WindowsApps;C:\Windows\Microsoft.NET\Framework\v4.0.30319;C:\Users\Asus\AppData\Local\Microsoft\WindowsApps;C:\Users\Asus\AppData\Roaming\npm;;C:\Users\Asus\AppData\Local\Programs\Fiddler;."/>
    <property name="java.specification.name" value="Java Platform API Specification"/>
    <property name="java.class.version" value="52.0"/>
    <property name="sun.management.compiler" value="HotSpot 64-Bit Tiered Compilers"/>
    <property name="os.version" value="10.0"/>
    <property name="user.home" value="C:\Users\Asus"/>
    <property name="user.timezone" value="Europe/Helsinki"/>
    <property name="java.awt.printerjob" value="sun.awt.windows.WPrinterJob"/>
    <property name="java.specification.version" value="1.8"/>
    <property name="file.encoding" value="UTF-8"/>
    <property name="user.name" value="Asus"/>
    <property name="java.class.path" value="C:\Program Files\JetBrains\IntelliJ IDEA Community Edition 2017.3.4\plugins\maven\lib\maven3\boot\plexus-classworlds-2.5.2.jar;C:\Program Files\JetBrains\IntelliJ IDEA Community Edition 2017.3.4\lib\idea_rt.jar"/>
    <property name="java.vm.specification.version" value="1.8"/>
    <property name="sun.arch.data.model" value="64"/>
    <property name="java.home" value="C:\Program Files\Java\jdk1.8.0_111\jre"/>
    <property name="sun.java.command" value="org.codehaus.classworlds.Launcher -Didea.version=2017.3.4 test"/>
    <property name="java.specification.vendor" value="Oracle Corporation"/>
    <property name="user.language" value="en"/>
    <property name="user.language.format" value="uk"/>
    <property name="awt.toolkit" value="sun.awt.windows.WToolkit"/>
    <property name="java.vm.info" value="mixed mode"/>
    <property name="java.version" value="1.8.0_111"/>
    <property name="java.ext.dirs" value="C:\Program Files\Java\jdk1.8.0_111\jre\lib\ext;C:\WINDOWS\Sun\Java\lib\ext"/>
    <property name="sun.boot.class.path" value="C:\Program Files\Java\jdk1.8.0_111\jre\lib\resources.jar;C:\Program Files\Java\jdk1.8.0_111\jre\lib\rt.jar;C:\Program Files\Java\jdk1.8.0_111\jre\lib\sunrsasign.jar;C:\Program Files\Java\jdk1.8.0_111\jre\lib\jsse.jar;C:\Program Files\Java\jdk1.8.0_111\jre\lib\jce.jar;C:\Program Files\Java\jdk1.8.0_111\jre\lib\charsets.jar;C:\Program Files\Java\jdk1.8.0_111\jre\lib\jfr.jar;C:\Program Files\Java\jdk1.8.0_111\jre\classes"/>
    <property name="java.vendor" value="Oracle Corporation"/>
    <property name="maven.home" value="C:\Program Files\JetBrains\IntelliJ IDEA Community Edition 2017.3.4\plugins\maven\lib\maven3"/>
    <property name="file.separator" value="\"/>
    <property name="java.vendor.url.bug" value="http://bugreport.sun.com/bugreport/"/>
    <property name="sun.cpu.endian" value="little"/>
    <property name="sun.io.unicode.encoding" value="UnicodeLittle"/>
    <property name="sun.desktop" value="windows"/>
    <property name="sun.cpu.isalist" value="amd64"/>
  </properties>
  <testcase name="CE-5 Check the possibility of choosing the Application item of the Entity Type dropdown box" classname="net.test.CreateEntityTest" time="5.848"/>
  <testcase name="CE-7 Check the possibility of choosing the Business Process item of the Entity Type dropdown box" classname="net.test.CreateEntityTest" time="4.575"/>
  <testcase name="CE-4 Check the possibility of choosing the Database item of the Entity Type dropdown box" classname="net.test.CreateEntityTest" time="3.322"/>
  <testcase name="CE-6 Check the possibility of choosing the Hardware item of the Entity Type dropdown box" classname="net.test.CreateEntityTest" time="3.693"/>
  <testcase name="CE-3 Check the possibility of choosing the Server item of the Entity Type dropdown box" classname="net.test.CreateEntityTest" time="5.218"/>
  <testcase name="CE-2 Check the possibility of choosing in the Entity Type dropdown  box" classname="net.test.CreateEntityTest" time="0.555"/>
  <testcase name="CE-1 Check the possibility to create entity without filling in the required data" classname="net.test.CreateEntityTest" time="1.233"/>
  <testcase name="CE-12 Check if a warning is displayed if you exceed the maximum number of characters allowed in the Blackbox Name field" classname="net.test.CreateEntityTest" time="2.532"/>
  <testcase name="CE-9 Check if a warning is displayed after you exceeded the maximum number of characters allowed in the Name field" classname="net.test.CreateEntityTest" time="7.71"/>
  <testcase name="CE-8 Check if the Name field works correctly" classname="net.test.CreateEntityTest" time="4.963"/>
  <testcase name="CE-11 Check if the field Blackbox works correctly if the Private box is checked" classname="net.test.CreateEntityTest" time="4.736"/>
  <testcase name="CE-13 Check the possibility to create entity if you fill valid data in all required fields" classname="net.test.CreateEntityTest" time="6.67"/>
  <testcase name="CE-10 Check if a warning is displayed when you leave the Blackbox Name field empty after selecting  the Private check box" classname="net.test.CreateEntityTest" time="4.96"/>
</testsuite>